

Started GET "/" for 10.90.90.124 at 2012-09-19 16:39:26 +0530
  Processing by PlacesController#index as HTML
Mysql2::Error: Table 'autosuggest_and_tagging_development.places' doesn't exist: SHOW FIELDS FROM `places`
Completed 500 Internal Server Error in 3ms

ActiveRecord::StatementInvalid (Mysql2::Error: Table 'autosuggest_and_tagging_development.places' doesn't exist: SHOW FIELDS FROM `places`):
  app/controllers/places_controller.rb:4:in `index'

Rendered /home/nyros/.rvm/gems/ruby-1.9.3-p125/gems/actionpack-3.1.3/lib/action_dispatch/middleware/templates/rescues/_trace.erb (2.8ms)
Rendered /home/nyros/.rvm/gems/ruby-1.9.3-p125/gems/actionpack-3.1.3/lib/action_dispatch/middleware/templates/rescues/_request_and_response.erb (2.1ms)
Rendered /home/nyros/.rvm/gems/ruby-1.9.3-p125/gems/actionpack-3.1.3/lib/action_dispatch/middleware/templates/rescues/diagnostics.erb within rescues/layout (107.1ms)
  [1m[36m (6.1ms)[0m  [1mCREATE TABLE `schema_migrations` (`version` varchar(255) NOT NULL) ENGINE=InnoDB[0m
  [1m[35m (37.9ms)[0m  CREATE UNIQUE INDEX `unique_schema_migrations` ON `schema_migrations` (`version`)
  [1m[36m (0.2ms)[0m  [1mSELECT `schema_migrations`.`version` FROM `schema_migrations` [0m
Migrating to CreatePlaces (20120319134538)
  [1m[35m (3.1ms)[0m  CREATE TABLE `places` (`id` int(11) DEFAULT NULL auto_increment PRIMARY KEY, `name` varchar(255), `description` text, `latitude` float, `longitude` float, `address` varchar(255), `created_at` datetime, `updated_at` datetime) ENGINE=InnoDB
  [1m[36m (0.5ms)[0m  [1mINSERT INTO `schema_migrations` (`version`) VALUES ('20120319134538')[0m
Migrating to ActsAsTaggableOnMigration (20120319160027)
  [1m[35m (2.6ms)[0m  CREATE TABLE `tags` (`id` int(11) DEFAULT NULL auto_increment PRIMARY KEY, `name` varchar(255)) ENGINE=InnoDB
  [1m[36m (2.6ms)[0m  [1mCREATE TABLE `taggings` (`id` int(11) DEFAULT NULL auto_increment PRIMARY KEY, `tag_id` int(11), `taggable_id` int(11), `taggable_type` varchar(255), `tagger_id` int(11), `tagger_type` varchar(255), `context` varchar(128), `created_at` datetime) ENGINE=InnoDB[0m
  [1m[35m (6.3ms)[0m  CREATE INDEX `index_taggings_on_tag_id` ON `taggings` (`tag_id`)
  [1m[36m (59.5ms)[0m  [1mCREATE INDEX `index_taggings_on_taggable_id_and_taggable_type_and_context` ON `taggings` (`taggable_id`, `taggable_type`, `context`)[0m
  [1m[35m (0.5ms)[0m  INSERT INTO `schema_migrations` (`version`) VALUES ('20120319160027')
Migrating to CreateCountries (20120704123720)
  [1m[36m (27.1ms)[0m  [1mCREATE TABLE `countries` (`id` int(11) DEFAULT NULL auto_increment PRIMARY KEY, `name` varchar(255), `short` varchar(255), `created_at` datetime, `updated_at` datetime) ENGINE=InnoDB[0m
  [1m[35m (0.4ms)[0m  INSERT INTO `schema_migrations` (`version`) VALUES ('20120704123720')
Migrating to AddCountryIdToPlace (20120704124122)
  [1m[36m (5.4ms)[0m  [1mALTER TABLE `places` ADD `country_id` int(11)[0m
  [1m[35m (0.4ms)[0m  INSERT INTO `schema_migrations` (`version`) VALUES ('20120704124122')
  [1m[36m (0.2ms)[0m  [1mSELECT `schema_migrations`.`version` FROM `schema_migrations` [0m


Started GET "/" for 10.90.90.124 at 2012-09-19 16:41:24 +0530
  Processing by PlacesController#index as HTML
  [1m[36mPlace Load (0.5ms)[0m  [1mSELECT `places`.* FROM `places` [0m
Rendered places/index.html.erb within layouts/application (14.7ms)
Compiled application.css  (13ms)  (pid 6278)
Compiled bootstrap/css/bootstrap.css  (2ms)  (pid 6278)
Compiled bootstrap/css/bootstrap-responsive.css  (0ms)  (pid 6278)
Compiled common.css  (0ms)  (pid 6278)
Compiled application.js  (6ms)  (pid 6278)
Compiled jquery.js  (18ms)  (pid 6278)
Compiled jquery_ujs.js  (0ms)  (pid 6278)
Compiled jquery.tagsinput.js  (1ms)  (pid 6278)
Rendered layouts/_navigation_bar.html.erb (3.0ms)
Completed 200 OK in 580ms (Views: 559.4ms | ActiveRecord: 0.5ms)


Started GET "/assets/jquery.js?body=1" for 10.90.90.124 at 2012-09-19 16:41:25 +0530
Served asset /jquery.js - 200 OK (8ms)


Started GET "/assets/common.css?body=1" for 10.90.90.124 at 2012-09-19 16:41:25 +0530
Served asset /common.css - 200 OK (3ms)


Started GET "/assets/bootstrap/css/bootstrap.css?body=1" for 10.90.90.124 at 2012-09-19 16:41:25 +0530
Served asset /bootstrap/css/bootstrap.css - 200 OK (4ms)


Started GET "/assets/bootstrap/css/bootstrap-responsive.css?body=1" for 10.90.90.124 at 2012-09-19 16:41:25 +0530
Served asset /bootstrap/css/bootstrap-responsive.css - 200 OK (5ms)


Started GET "/assets/application.css?body=1" for 10.90.90.124 at 2012-09-19 16:41:25 +0530
Served asset /application.css - 200 OK (0ms)


Started GET "/assets/jquery_ujs.js?body=1" for 10.90.90.124 at 2012-09-19 16:41:25 +0530
Served asset /jquery_ujs.js - 200 OK (3ms)


Started GET "/assets/application.js?body=1" for 10.90.90.124 at 2012-09-19 16:41:25 +0530
Served asset /application.js - 200 OK (0ms)


Started GET "/assets/jquery.tagsinput.js?body=1" for 10.90.90.124 at 2012-09-19 16:41:25 +0530
Served asset /jquery.tagsinput.js - 200 OK (8ms)


Started GET "/search/index?search=sxdsf" for 10.90.90.124 at 2012-09-19 16:41:34 +0530
  Processing by SearchController#index as HTML
  Parameters: {"search"=>"sxdsf"}
  [1m[35mActsAsTaggableOn::Tag Load (0.5ms)[0m  SELECT `tags`.* FROM `tags` WHERE (name LIKE 'sxdsf' ESCAPE '!')
  [1m[36m (0.4ms)[0m  [1mSELECT COUNT(*) FROM `places` WHERE (1 = 0)[0m
Rendered places/index.html.erb within layouts/application (3.7ms)
Rendered layouts/_navigation_bar.html.erb (2.0ms)
Completed 200 OK in 136ms (Views: 28.4ms | ActiveRecord: 4.5ms)


Started GET "/assets/jquery.js?body=1" for 10.90.90.124 at 2012-09-19 16:41:34 +0530
Served asset /jquery.js - 304 Not Modified (0ms)


Started GET "/search/index?search=rajhansd" for 10.90.90.124 at 2012-09-19 16:41:42 +0530
  Processing by SearchController#index as HTML
  Parameters: {"search"=>"rajhansd"}
  [1m[35mActsAsTaggableOn::Tag Load (0.3ms)[0m  SELECT `tags`.* FROM `tags` WHERE (name LIKE 'rajhansd' ESCAPE '!')
  [1m[36m (0.2ms)[0m  [1mSELECT COUNT(*) FROM `places` WHERE (1 = 0)[0m
Rendered places/index.html.erb within layouts/application (1.9ms)
Rendered layouts/_navigation_bar.html.erb (1.9ms)
Completed 200 OK in 71ms (Views: 25.6ms | ActiveRecord: 3.9ms)


Started GET "/assets/jquery.js?body=1" for 10.90.90.124 at 2012-09-19 16:41:43 +0530
Served asset /jquery.js - 304 Not Modified (0ms)


Started GET "/places/new" for 10.90.90.124 at 2012-09-19 16:41:44 +0530
  Processing by PlacesController#new as HTML
  [1m[35mActsAsTaggableOn::Tag Load (0.6ms)[0m  SELECT `tags`.* FROM `tags` INNER JOIN `taggings` ON `tags`.`id` = `taggings`.`tag_id` WHERE `taggings`.`taggable_id` IS NULL AND `taggings`.`taggable_type` = 'Place' AND (taggings.context = 'tags' AND taggings.tagger_id IS NULL)
Rendered places/_form.html.erb (257.0ms)
Rendered places/new.html.erb within layouts/map (259.0ms)
Compiled places.css  (9ms)  (pid 6278)
Compiled jquery.tagsinput.css  (0ms)  (pid 6278)
Compiled map.js  (3ms)  (pid 6278)
Compiled h5utils.js  (0ms)  (pid 6278)
Compiled place.js  (0ms)  (pid 6278)
Rendered layouts/_navigation_bar.html.erb (1.9ms)
Completed 200 OK in 437ms (Views: 430.2ms | ActiveRecord: 5.7ms)


Started GET "/assets/places.css?body=1" for 10.90.90.124 at 2012-09-19 16:41:45 +0530
Served asset /places.css - 200 OK (0ms)


Started GET "/assets/h5utils.js?body=1" for 10.90.90.124 at 2012-09-19 16:41:45 +0530
Served asset /h5utils.js - 200 OK (4ms)


Started GET "/assets/place.js?body=1" for 10.90.90.124 at 2012-09-19 16:41:45 +0530
Served asset /place.js - 200 OK (3ms)


Started GET "/assets/map.js?body=1" for 10.90.90.124 at 2012-09-19 16:41:45 +0530
Served asset /map.js - 200 OK (0ms)


Started GET "/assets/jquery.tagsinput.css?body=1" for 10.90.90.124 at 2012-09-19 16:41:54 +0530
Served asset /jquery.tagsinput.css - 200 OK (3ms)


Started GET "/assets/jquery.js?body=1" for 10.90.90.124 at 2012-09-19 16:41:54 +0530
Served asset /jquery.js - 304 Not Modified (0ms)


Started POST "/places" for 10.90.90.124 at 2012-09-19 16:42:33 +0530
  Processing by PlacesController#create as JS
  Parameters: {"utf8"=>"✓", "authenticity_token"=>"qu/bXI775aPby1zN8dgciuGmtid3TkB3GtseaUEbUWY=", "place"=>{"name"=>"kakinada", "description"=>"gjhg", "latitude"=>"", "longitude"=>"", "address"=>"", "address_visible"=>"false", "tag_list"=>"hgjhj"}, "url_for_request_coordinates"=>"/places/fetch_coordinates"}
  [1m[36m (0.2ms)[0m  [1mBEGIN[0m
  [1m[35m (0.4ms)[0m  SELECT 1 FROM `places` WHERE `places`.`name` = BINARY 'kakinada' LIMIT 1
  [1m[36m (0.1ms)[0m  [1mROLLBACK[0m
Completed 200 OK in 136ms (Views: 2.3ms | ActiveRecord: 2.0ms)


Started POST "/places" for 10.90.90.124 at 2012-09-19 16:42:37 +0530
  Processing by PlacesController#create as JS
  Parameters: {"utf8"=>"✓", "authenticity_token"=>"qu/bXI775aPby1zN8dgciuGmtid3TkB3GtseaUEbUWY=", "place"=>{"name"=>"kakinada", "description"=>"gjhg", "latitude"=>"", "longitude"=>"", "address"=>"", "address_visible"=>"false", "tag_list"=>"hgjhj,hjhj"}, "url_for_request_coordinates"=>"/places/fetch_coordinates"}
  [1m[35m (0.1ms)[0m  BEGIN
  [1m[36m (0.2ms)[0m  [1mSELECT 1 FROM `places` WHERE `places`.`name` = BINARY 'kakinada' LIMIT 1[0m
  [1m[35m (0.1ms)[0m  ROLLBACK
Completed 200 OK in 33ms (Views: 2.1ms | ActiveRecord: 2.2ms)


Started POST "/places" for 10.90.90.124 at 2012-09-19 16:43:04 +0530
  Processing by PlacesController#create as JS
  Parameters: {"utf8"=>"✓", "authenticity_token"=>"qu/bXI775aPby1zN8dgciuGmtid3TkB3GtseaUEbUWY=", "place"=>{"name"=>"kakinada", "description"=>"gjhgkkl", "latitude"=>"", "longitude"=>"", "address"=>"", "address_visible"=>"false", "tag_list"=>"hgjhj,hjhj"}, "url_for_request_coordinates"=>"/places/fetch_coordinates"}
  [1m[36m (0.2ms)[0m  [1mBEGIN[0m
  [1m[35m (0.2ms)[0m  SELECT 1 FROM `places` WHERE `places`.`name` = BINARY 'kakinada' LIMIT 1
  [1m[36m (0.1ms)[0m  [1mROLLBACK[0m
Completed 200 OK in 32ms (Views: 2.2ms | ActiveRecord: 1.9ms)


Started GET "/places" for 10.90.90.124 at 2012-09-19 16:43:08 +0530
  Processing by PlacesController#index as HTML
  [1m[35mPlace Load (0.2ms)[0m  SELECT `places`.* FROM `places` 
Rendered places/index.html.erb within layouts/application (0.2ms)
Rendered layouts/_navigation_bar.html.erb (2.0ms)
Completed 200 OK in 28ms (Views: 24.0ms | ActiveRecord: 0.7ms)


Started GET "/assets/jquery.js?body=1" for 10.90.90.124 at 2012-09-19 16:43:08 +0530
Served asset /jquery.js - 304 Not Modified (0ms)


Started GET "/assets/application.js?body=1" for 10.90.90.124 at 2012-09-19 16:43:08 +0530
Served asset /application.js - 304 Not Modified (0ms)


Started GET "/assets/jquery_ujs.js?body=1" for 10.90.90.124 at 2012-09-19 16:43:09 +0530
Served asset /jquery_ujs.js - 304 Not Modified (0ms)


Started GET "/places/full_map" for 10.90.90.124 at 2012-09-19 16:43:11 +0530
  Processing by PlacesController#full_map as HTML
Rendered places/full_map.html.erb within layouts/map (1.8ms)
Rendered layouts/_navigation_bar.html.erb (1.9ms)
Completed 200 OK in 27ms (Views: 26.2ms | ActiveRecord: 0.0ms)


Started GET "/assets/jquery.js?body=1" for 10.90.90.124 at 2012-09-19 16:43:12 +0530
Served asset /jquery.js - 304 Not Modified (0ms)


Started GET "/assets/application.js?body=1" for 10.90.90.124 at 2012-09-19 16:43:12 +0530
Served asset /application.js - 304 Not Modified (0ms)


Started GET "/assets/jquery_ujs.js?body=1" for 10.90.90.124 at 2012-09-19 16:43:12 +0530
Served asset /jquery_ujs.js - 304 Not Modified (0ms)


Started GET "/places.json" for 10.90.90.124 at 2012-09-19 16:43:12 +0530
  Processing by PlacesController#index as JSON
  [1m[36mPlace Load (0.2ms)[0m  [1mSELECT `places`.* FROM `places` [0m
Completed 200 OK in 5ms (Views: 1.8ms | ActiveRecord: 0.7ms)


Started GET "/places/new" for 10.90.90.124 at 2012-09-19 16:43:25 +0530
  Processing by PlacesController#new as HTML
  [1m[35mActsAsTaggableOn::Tag Load (0.2ms)[0m  SELECT `tags`.* FROM `tags` INNER JOIN `taggings` ON `tags`.`id` = `taggings`.`tag_id` WHERE `taggings`.`taggable_id` IS NULL AND `taggings`.`taggable_type` = 'Place' AND (taggings.context = 'tags' AND taggings.tagger_id IS NULL)
Rendered places/_form.html.erb (34.1ms)
Rendered places/new.html.erb within layouts/map (35.1ms)
Rendered layouts/_navigation_bar.html.erb (1.7ms)
Completed 200 OK in 59ms (Views: 54.6ms | ActiveRecord: 3.7ms)


Started GET "/assets/application.js?body=1" for 10.90.90.124 at 2012-09-19 16:43:26 +0530
Served asset /application.js - 304 Not Modified (66ms)


Started GET "/assets/jquery.tagsinput.js?body=1" for 10.90.90.124 at 2012-09-19 16:43:26 +0530
Served asset /jquery.tagsinput.js - 304 Not Modified (0ms)


Started GET "/assets/jquery.js?body=1" for 10.90.90.124 at 2012-09-19 16:43:26 +0530
Served asset /jquery.js - 304 Not Modified (0ms)


Started GET "/assets/jquery_ujs.js?body=1" for 10.90.90.124 at 2012-09-19 16:43:27 +0530
Served asset /jquery_ujs.js - 304 Not Modified (0ms)


Started GET "/assets/h5utils.js?body=1" for 10.90.90.124 at 2012-09-19 16:43:27 +0530
Served asset /h5utils.js - 304 Not Modified (0ms)


Started GET "/assets/place.js?body=1" for 10.90.90.124 at 2012-09-19 16:43:27 +0530
Served asset /place.js - 304 Not Modified (0ms)


Started GET "/assets/map.js?body=1" for 10.90.90.124 at 2012-09-19 16:43:27 +0530
Served asset /map.js - 304 Not Modified (0ms)


Started POST "/places" for 10.90.90.124 at 2012-09-19 16:44:09 +0530
  Processing by PlacesController#create as JS
  Parameters: {"utf8"=>"✓", "authenticity_token"=>"qu/bXI775aPby1zN8dgciuGmtid3TkB3GtseaUEbUWY=", "place"=>{"name"=>"kakinada", "description"=>"fgfgh", "latitude"=>"", "longitude"=>"", "address"=>"hjhjkjkljkl", "address_visible"=>"false", "tag_list"=>"jkjkkjkjkl,jkkmjkl"}, "url_for_request_coordinates"=>"/places/fetch_coordinates"}
  [1m[36m (0.2ms)[0m  [1mBEGIN[0m
  [1m[35m (0.2ms)[0m  SELECT 1 FROM `places` WHERE `places`.`name` = BINARY 'kakinada' LIMIT 1
  [1m[36m (0.1ms)[0m  [1mROLLBACK[0m
Completed 200 OK in 33ms (Views: 2.2ms | ActiveRecord: 1.9ms)


Started POST "/places" for 10.90.90.124 at 2012-09-19 16:44:15 +0530
  Processing by PlacesController#create as JS
  Parameters: {"utf8"=>"✓", "authenticity_token"=>"qu/bXI775aPby1zN8dgciuGmtid3TkB3GtseaUEbUWY=", "place"=>{"name"=>"kakinada", "description"=>"fgfgh", "latitude"=>"", "longitude"=>"", "address"=>"hjhjkjkljkl", "address_visible"=>"false", "tag_list"=>"jkjkkjkjkl"}, "url_for_request_coordinates"=>"/places/fetch_coordinates"}
  [1m[35m (0.1ms)[0m  BEGIN
  [1m[36m (0.3ms)[0m  [1mSELECT 1 FROM `places` WHERE `places`.`name` = BINARY 'kakinada' LIMIT 1[0m
  [1m[35m (0.2ms)[0m  ROLLBACK
Completed 200 OK in 101ms (Views: 8.7ms | ActiveRecord: 2.0ms)


Started POST "/places" for 10.90.90.124 at 2012-09-19 16:44:15 +0530
  Processing by PlacesController#create as JS
  Parameters: {"utf8"=>"✓", "authenticity_token"=>"qu/bXI775aPby1zN8dgciuGmtid3TkB3GtseaUEbUWY=", "place"=>{"name"=>"kakinada", "description"=>"fgfgh", "latitude"=>"", "longitude"=>"", "address"=>"hjhjkjkljkl", "address_visible"=>"false", "tag_list"=>"jkjkkjkjkl,jkkmjkl,gjhghghj"}, "url_for_request_coordinates"=>"/places/fetch_coordinates"}
  [1m[36m (0.2ms)[0m  [1mBEGIN[0m
  [1m[35m (0.1ms)[0m  SELECT 1 FROM `places` WHERE `places`.`name` = BINARY 'kakinada' LIMIT 1
  [1m[36m (0.1ms)[0m  [1mROLLBACK[0m
Completed 200 OK in 32ms (Views: 2.2ms | ActiveRecord: 1.9ms)


Started POST "/places" for 10.90.90.124 at 2012-09-19 16:44:16 +0530
  Processing by PlacesController#create as JS
  Parameters: {"utf8"=>"✓", "authenticity_token"=>"qu/bXI775aPby1zN8dgciuGmtid3TkB3GtseaUEbUWY=", "place"=>{"name"=>"kakinada", "description"=>"fgfgh", "latitude"=>"", "longitude"=>"", "address"=>"hjhjkjkljkl", "address_visible"=>"false", "tag_list"=>"jkjkkjkjkl,jkkmjkl,gjhghghj"}, "url_for_request_coordinates"=>"/places/fetch_coordinates"}
  [1m[35m (0.2ms)[0m  BEGIN
  [1m[36m (0.2ms)[0m  [1mSELECT 1 FROM `places` WHERE `places`.`name` = BINARY 'kakinada' LIMIT 1[0m
  [1m[35m (0.2ms)[0m  ROLLBACK
Completed 200 OK in 32ms (Views: 2.1ms | ActiveRecord: 1.9ms)


Started POST "/places" for 10.90.90.124 at 2012-09-19 16:44:17 +0530
  Processing by PlacesController#create as JS
  Parameters: {"utf8"=>"✓", "authenticity_token"=>"qu/bXI775aPby1zN8dgciuGmtid3TkB3GtseaUEbUWY=", "place"=>{"name"=>"kakinada", "description"=>"fgfgh", "latitude"=>"", "longitude"=>"", "address"=>"hjhjkjkljkl", "address_visible"=>"false", "tag_list"=>"jkjkkjkjkl,jkkmjkl,gjhghghj"}, "url_for_request_coordinates"=>"/places/fetch_coordinates"}
  [1m[36m (0.1ms)[0m  [1mBEGIN[0m
  [1m[35m (0.1ms)[0m  SELECT 1 FROM `places` WHERE `places`.`name` = BINARY 'kakinada' LIMIT 1
  [1m[36m (0.1ms)[0m  [1mROLLBACK[0m
Completed 200 OK in 32ms (Views: 2.1ms | ActiveRecord: 2.1ms)


Started POST "/places" for 10.90.90.124 at 2012-09-19 16:44:17 +0530
  Processing by PlacesController#create as JS
  Parameters: {"utf8"=>"✓", "authenticity_token"=>"qu/bXI775aPby1zN8dgciuGmtid3TkB3GtseaUEbUWY=", "place"=>{"name"=>"kakinada", "description"=>"fgfgh", "latitude"=>"", "longitude"=>"", "address"=>"hjhjkjkljkl", "address_visible"=>"false", "tag_list"=>"jkjkkjkjkl,jkkmjkl,gjhghghj"}, "url_for_request_coordinates"=>"/places/fetch_coordinates"}
  [1m[35m (0.1ms)[0m  BEGIN
  [1m[36m (0.1ms)[0m  [1mSELECT 1 FROM `places` WHERE `places`.`name` = BINARY 'kakinada' LIMIT 1[0m
  [1m[35m (0.1ms)[0m  ROLLBACK
Completed 200 OK in 32ms (Views: 2.1ms | ActiveRecord: 2.0ms)


Started POST "/places" for 10.90.90.124 at 2012-09-19 16:44:17 +0530
  Processing by PlacesController#create as JS
  Parameters: {"utf8"=>"✓", "authenticity_token"=>"qu/bXI775aPby1zN8dgciuGmtid3TkB3GtseaUEbUWY=", "place"=>{"name"=>"kakinada", "description"=>"fgfgh", "latitude"=>"", "longitude"=>"", "address"=>"hjhjkjkljkl", "address_visible"=>"false", "tag_list"=>"jkjkkjkjkl,jkkmjkl,gjhghghj"}, "url_for_request_coordinates"=>"/places/fetch_coordinates"}
  [1m[36m (0.1ms)[0m  [1mBEGIN[0m
  [1m[35m (0.1ms)[0m  SELECT 1 FROM `places` WHERE `places`.`name` = BINARY 'kakinada' LIMIT 1
  [1m[36m (0.1ms)[0m  [1mROLLBACK[0m
Completed 200 OK in 32ms (Views: 2.2ms | ActiveRecord: 1.9ms)


Started POST "/places" for 10.90.90.124 at 2012-09-19 16:44:17 +0530
  Processing by PlacesController#create as JS
  Parameters: {"utf8"=>"✓", "authenticity_token"=>"qu/bXI775aPby1zN8dgciuGmtid3TkB3GtseaUEbUWY=", "place"=>{"name"=>"kakinada", "description"=>"fgfgh", "latitude"=>"", "longitude"=>"", "address"=>"hjhjkjkljkl", "address_visible"=>"false", "tag_list"=>"jkjkkjkjkl,jkkmjkl,gjhghghj"}, "url_for_request_coordinates"=>"/places/fetch_coordinates"}
  [1m[35m (0.2ms)[0m  BEGIN
  [1m[36m (0.1ms)[0m  [1mSELECT 1 FROM `places` WHERE `places`.`name` = BINARY 'kakinada' LIMIT 1[0m
  [1m[35m (0.1ms)[0m  ROLLBACK
Completed 200 OK in 31ms (Views: 2.1ms | ActiveRecord: 1.8ms)


Started POST "/places" for 10.90.90.124 at 2012-09-19 16:44:18 +0530
  Processing by PlacesController#create as JS
  Parameters: {"utf8"=>"✓", "authenticity_token"=>"qu/bXI775aPby1zN8dgciuGmtid3TkB3GtseaUEbUWY=", "place"=>{"name"=>"kakinada", "description"=>"fgfgh", "latitude"=>"", "longitude"=>"", "address"=>"hjhjkjkljkl", "address_visible"=>"false", "tag_list"=>"jkjkkjkjkl,jkkmjkl,gjhghghj"}, "url_for_request_coordinates"=>"/places/fetch_coordinates"}
  [1m[36m (0.2ms)[0m  [1mBEGIN[0m
  [1m[35m (0.1ms)[0m  SELECT 1 FROM `places` WHERE `places`.`name` = BINARY 'kakinada' LIMIT 1
  [1m[36m (0.1ms)[0m  [1mROLLBACK[0m
Completed 200 OK in 34ms (Views: 2.2ms | ActiveRecord: 1.9ms)


Started POST "/places" for 10.90.90.124 at 2012-09-19 16:44:19 +0530
  Processing by PlacesController#create as JS
  Parameters: {"utf8"=>"✓", "authenticity_token"=>"qu/bXI775aPby1zN8dgciuGmtid3TkB3GtseaUEbUWY=", "place"=>{"name"=>"kakinada", "description"=>"fgfgh", "latitude"=>"", "longitude"=>"", "address"=>"hjhjkjkljkl", "address_visible"=>"false", "tag_list"=>"jkjkkjkjkl,jkkmjkl,gjhghghj"}, "url_for_request_coordinates"=>"/places/fetch_coordinates"}
  [1m[35m (0.2ms)[0m  BEGIN
  [1m[36m (0.1ms)[0m  [1mSELECT 1 FROM `places` WHERE `places`.`name` = BINARY 'kakinada' LIMIT 1[0m
  [1m[35m (0.1ms)[0m  ROLLBACK
Completed 200 OK in 33ms (Views: 2.2ms | ActiveRecord: 1.9ms)


Started POST "/places" for 10.90.90.124 at 2012-09-19 16:44:27 +0530
  Processing by PlacesController#create as JS
  Parameters: {"utf8"=>"✓", "authenticity_token"=>"qu/bXI775aPby1zN8dgciuGmtid3TkB3GtseaUEbUWY=", "place"=>{"name"=>"kakinada", "description"=>"fgfgh", "latitude"=>"", "longitude"=>"", "address"=>"hjhjkjkljkl", "address_visible"=>"false", "tag_list"=>"jkjkkjkjkl,jkkmjkl,gjhghghj"}, "url_for_request_coordinates"=>"/places/fetch_coordinates"}
  [1m[36m (0.2ms)[0m  [1mBEGIN[0m
  [1m[35m (0.2ms)[0m  SELECT 1 FROM `places` WHERE `places`.`name` = BINARY 'kakinada' LIMIT 1
  [1m[36m (0.2ms)[0m  [1mROLLBACK[0m
Completed 200 OK in 98ms (Views: 2.7ms | ActiveRecord: 1.9ms)


Started POST "/places" for 10.90.90.124 at 2012-09-19 16:44:27 +0530
  Processing by PlacesController#create as JS
  Parameters: {"utf8"=>"✓", "authenticity_token"=>"qu/bXI775aPby1zN8dgciuGmtid3TkB3GtseaUEbUWY=", "place"=>{"name"=>"kakinada", "description"=>"fgfgh", "latitude"=>"", "longitude"=>"", "address"=>"hjhjkjkljkl", "address_visible"=>"false", "tag_list"=>"jkjkkjkjkl,jkkmjkl,gjhghghj"}, "url_for_request_coordinates"=>"/places/fetch_coordinates"}
  [1m[35m (0.1ms)[0m  BEGIN
  [1m[36m (0.2ms)[0m  [1mSELECT 1 FROM `places` WHERE `places`.`name` = BINARY 'kakinada' LIMIT 1[0m
  [1m[35m (0.1ms)[0m  ROLLBACK
Completed 200 OK in 33ms (Views: 2.2ms | ActiveRecord: 1.9ms)


Started POST "/places" for 10.90.90.124 at 2012-09-19 16:44:28 +0530
  Processing by PlacesController#create as JS
  Parameters: {"utf8"=>"✓", "authenticity_token"=>"qu/bXI775aPby1zN8dgciuGmtid3TkB3GtseaUEbUWY=", "place"=>{"name"=>"kakinada", "description"=>"fgfgh", "latitude"=>"", "longitude"=>"", "address"=>"hjhjkjkljkl", "address_visible"=>"false", "tag_list"=>"jkjkkjkjkl,jkkmjkl,gjhghghj"}, "url_for_request_coordinates"=>"/places/fetch_coordinates"}
  [1m[36m (0.1ms)[0m  [1mBEGIN[0m
  [1m[35m (0.1ms)[0m  SELECT 1 FROM `places` WHERE `places`.`name` = BINARY 'kakinada' LIMIT 1
  [1m[36m (0.1ms)[0m  [1mROLLBACK[0m
Completed 200 OK in 33ms (Views: 2.4ms | ActiveRecord: 1.9ms)


Started POST "/places" for 10.90.90.124 at 2012-09-19 16:44:29 +0530
  Processing by PlacesController#create as JS
  Parameters: {"utf8"=>"✓", "authenticity_token"=>"qu/bXI775aPby1zN8dgciuGmtid3TkB3GtseaUEbUWY=", "place"=>{"name"=>"kakinada", "description"=>"fgfgh", "latitude"=>"", "longitude"=>"", "address"=>"hjhjkjkljkl", "address_visible"=>"false", "tag_list"=>"jkjkkjkjkl,jkkmjkl,gjhghghj"}, "url_for_request_coordinates"=>"/places/fetch_coordinates"}
  [1m[35m (0.2ms)[0m  BEGIN
  [1m[36m (0.1ms)[0m  [1mSELECT 1 FROM `places` WHERE `places`.`name` = BINARY 'kakinada' LIMIT 1[0m
  [1m[35m (0.1ms)[0m  ROLLBACK
Completed 200 OK in 31ms (Views: 2.1ms | ActiveRecord: 1.4ms)


Started POST "/places" for 10.90.90.124 at 2012-09-19 16:44:35 +0530
  Processing by PlacesController#create as JS
  Parameters: {"utf8"=>"✓", "authenticity_token"=>"qu/bXI775aPby1zN8dgciuGmtid3TkB3GtseaUEbUWY=", "place"=>{"name"=>"kakinada", "description"=>"fgfgh", "latitude"=>"", "longitude"=>"", "address"=>"hjhjkjkljkl", "address_visible"=>"false", "tag_list"=>"jkjkkjkjkl,jkkmjkl,gjhghghj,gjkjn"}, "url_for_request_coordinates"=>"/places/fetch_coordinates"}
  [1m[36m (0.1ms)[0m  [1mBEGIN[0m
  [1m[35m (0.1ms)[0m  SELECT 1 FROM `places` WHERE `places`.`name` = BINARY 'kakinada' LIMIT 1
  [1m[36m (0.2ms)[0m  [1mROLLBACK[0m
Completed 200 OK in 32ms (Views: 2.1ms | ActiveRecord: 1.4ms)


Started POST "/places" for 10.90.90.124 at 2012-09-19 16:44:36 +0530
  Processing by PlacesController#create as JS
  Parameters: {"utf8"=>"✓", "authenticity_token"=>"qu/bXI775aPby1zN8dgciuGmtid3TkB3GtseaUEbUWY=", "place"=>{"name"=>"kakinada", "description"=>"fgfgh", "latitude"=>"", "longitude"=>"", "address"=>"hjhjkjkljkl", "address_visible"=>"false", "tag_list"=>"jkjkkjkjkl,jkkmjkl,gjhghghj"}, "url_for_request_coordinates"=>"/places/fetch_coordinates"}
  [1m[35m (0.2ms)[0m  BEGIN
  [1m[36m (0.1ms)[0m  [1mSELECT 1 FROM `places` WHERE `places`.`name` = BINARY 'kakinada' LIMIT 1[0m
  [1m[35m (0.1ms)[0m  ROLLBACK
Completed 200 OK in 31ms (Views: 2.1ms | ActiveRecord: 1.8ms)


Started POST "/places" for 10.90.90.124 at 2012-09-19 16:44:36 +0530
  Processing by PlacesController#create as JS
  Parameters: {"utf8"=>"✓", "authenticity_token"=>"qu/bXI775aPby1zN8dgciuGmtid3TkB3GtseaUEbUWY=", "place"=>{"name"=>"kakinada", "description"=>"fgfgh", "latitude"=>"", "longitude"=>"", "address"=>"hjhjkjkljkl", "address_visible"=>"false", "tag_list"=>"jkjkkjkjkl,jkkmjkl,gjhghghj,gjkjn"}, "url_for_request_coordinates"=>"/places/fetch_coordinates"}
  [1m[36m (0.1ms)[0m  [1mBEGIN[0m
  [1m[35m (0.2ms)[0m  SELECT 1 FROM `places` WHERE `places`.`name` = BINARY 'kakinada' LIMIT 1
  [1m[36m (0.1ms)[0m  [1mROLLBACK[0m
Completed 200 OK in 34ms (Views: 2.7ms | ActiveRecord: 2.4ms)


Started POST "/places" for 10.90.90.124 at 2012-09-19 16:44:37 +0530
  Processing by PlacesController#create as JS
  Parameters: {"utf8"=>"✓", "authenticity_token"=>"qu/bXI775aPby1zN8dgciuGmtid3TkB3GtseaUEbUWY=", "place"=>{"name"=>"kakinada", "description"=>"fgfgh", "latitude"=>"", "longitude"=>"", "address"=>"hjhjkjkljkl", "address_visible"=>"false", "tag_list"=>"jkjkkjkjkl,jkkmjkl,gjhghghj"}, "url_for_request_coordinates"=>"/places/fetch_coordinates"}
  [1m[35m (0.2ms)[0m  BEGIN
  [1m[36m (0.2ms)[0m  [1mSELECT 1 FROM `places` WHERE `places`.`name` = BINARY 'kakinada' LIMIT 1[0m
  [1m[35m (0.1ms)[0m  ROLLBACK
Completed 200 OK in 32ms (Views: 2.2ms | ActiveRecord: 1.9ms)


Started POST "/places" for 10.90.90.124 at 2012-09-19 16:44:38 +0530
  Processing by PlacesController#create as JS
  Parameters: {"utf8"=>"✓", "authenticity_token"=>"qu/bXI775aPby1zN8dgciuGmtid3TkB3GtseaUEbUWY=", "place"=>{"name"=>"kakinada", "description"=>"fgfgh", "latitude"=>"", "longitude"=>"", "address"=>"hjhjkjkljkl", "address_visible"=>"false", "tag_list"=>"jkjkkjkjkl,jkkmjkl,gjhghghj,gjkjn"}, "url_for_request_coordinates"=>"/places/fetch_coordinates"}
  [1m[36m (0.2ms)[0m  [1mBEGIN[0m
  [1m[35m (0.2ms)[0m  SELECT 1 FROM `places` WHERE `places`.`name` = BINARY 'kakinada' LIMIT 1
  [1m[36m (0.1ms)[0m  [1mROLLBACK[0m
Completed 200 OK in 32ms (Views: 2.1ms | ActiveRecord: 1.9ms)


Started POST "/places" for 10.90.90.124 at 2012-09-19 16:44:38 +0530
  Processing by PlacesController#create as JS
  Parameters: {"utf8"=>"✓", "authenticity_token"=>"qu/bXI775aPby1zN8dgciuGmtid3TkB3GtseaUEbUWY=", "place"=>{"name"=>"kakinada", "description"=>"fgfgh", "latitude"=>"", "longitude"=>"", "address"=>"hjhjkjkljkl", "address_visible"=>"false", "tag_list"=>"jkjkkjkjkl,jkkmjkl,gjhghghj,gjkjn"}, "url_for_request_coordinates"=>"/places/fetch_coordinates"}
  [1m[35m (0.4ms)[0m  BEGIN
  [1m[36m (0.1ms)[0m  [1mSELECT 1 FROM `places` WHERE `places`.`name` = BINARY 'kakinada' LIMIT 1[0m
  [1m[35m (0.1ms)[0m  ROLLBACK
Completed 200 OK in 100ms (Views: 2.2ms | ActiveRecord: 2.1ms)


Started POST "/places" for 10.90.90.124 at 2012-09-19 16:44:39 +0530
  Processing by PlacesController#create as JS
  Parameters: {"utf8"=>"✓", "authenticity_token"=>"qu/bXI775aPby1zN8dgciuGmtid3TkB3GtseaUEbUWY=", "place"=>{"name"=>"kakinada", "description"=>"fgfgh", "latitude"=>"", "longitude"=>"", "address"=>"hjhjkjkljkl", "address_visible"=>"false", "tag_list"=>"jkjkkjkjkl,jkkmjkl,gjhghghj,gjkjn"}, "url_for_request_coordinates"=>"/places/fetch_coordinates"}
  [1m[36m (0.2ms)[0m  [1mBEGIN[0m
  [1m[35m (0.2ms)[0m  SELECT 1 FROM `places` WHERE `places`.`name` = BINARY 'kakinada' LIMIT 1
  [1m[36m (0.1ms)[0m  [1mROLLBACK[0m
Completed 200 OK in 34ms (Views: 2.1ms | ActiveRecord: 1.9ms)


Started POST "/places" for 10.90.90.124 at 2012-09-19 16:44:39 +0530
  Processing by PlacesController#create as JS
  Parameters: {"utf8"=>"✓", "authenticity_token"=>"qu/bXI775aPby1zN8dgciuGmtid3TkB3GtseaUEbUWY=", "place"=>{"name"=>"kakinada", "description"=>"fgfgh", "latitude"=>"", "longitude"=>"", "address"=>"hjhjkjkljkl", "address_visible"=>"false", "tag_list"=>"jkjkkjkjkl,jkkmjkl,gjhghghj,gjkjn"}, "url_for_request_coordinates"=>"/places/fetch_coordinates"}
  [1m[35m (0.2ms)[0m  BEGIN
  [1m[36m (0.2ms)[0m  [1mSELECT 1 FROM `places` WHERE `places`.`name` = BINARY 'kakinada' LIMIT 1[0m
  [1m[35m (0.1ms)[0m  ROLLBACK
Completed 200 OK in 32ms (Views: 2.2ms | ActiveRecord: 2.0ms)


Started POST "/places" for 10.90.90.124 at 2012-09-19 16:44:39 +0530
  Processing by PlacesController#create as JS
  Parameters: {"utf8"=>"✓", "authenticity_token"=>"qu/bXI775aPby1zN8dgciuGmtid3TkB3GtseaUEbUWY=", "place"=>{"name"=>"kakinada", "description"=>"fgfgh", "latitude"=>"", "longitude"=>"", "address"=>"hjhjkjkljkl", "address_visible"=>"false", "tag_list"=>"jkjkkjkjkl,jkkmjkl,gjhghghj,gjkjn"}, "url_for_request_coordinates"=>"/places/fetch_coordinates"}
  [1m[36m (0.2ms)[0m  [1mBEGIN[0m
  [1m[35m (0.1ms)[0m  SELECT 1 FROM `places` WHERE `places`.`name` = BINARY 'kakinada' LIMIT 1
  [1m[36m (0.1ms)[0m  [1mROLLBACK[0m
Completed 200 OK in 31ms (Views: 2.1ms | ActiveRecord: 1.9ms)


Started GET "/places/index.html" for 10.90.90.124 at 2012-09-19 16:44:45 +0530

AbstractController::ActionNotFound (The action 'show' could not be found for PlacesController):
  

Rendered /home/nyros/.rvm/gems/ruby-1.9.3-p125/gems/actionpack-3.1.3/lib/action_dispatch/middleware/templates/rescues/unknown_action.erb within rescues/layout (0.8ms)


Started POST "/places" for 10.90.90.124 at 2012-09-19 16:44:46 +0530
  Processing by PlacesController#create as JS
  Parameters: {"utf8"=>"✓", "authenticity_token"=>"qu/bXI775aPby1zN8dgciuGmtid3TkB3GtseaUEbUWY=", "place"=>{"name"=>"kakinada", "description"=>"fgfgh", "latitude"=>"", "longitude"=>"", "address"=>"hjhjkjkljkl", "address_visible"=>"false", "tag_list"=>"jkjkkjkjkl,jkkmjkl,gjhghghj,gjkjn"}, "url_for_request_coordinates"=>"/places/fetch_coordinates"}
  [1m[35m (0.2ms)[0m  BEGIN
  [1m[36m (0.1ms)[0m  [1mSELECT 1 FROM `places` WHERE `places`.`name` = BINARY 'kakinada' LIMIT 1[0m
  [1m[35m (0.1ms)[0m  ROLLBACK
Completed 200 OK in 32ms (Views: 2.2ms | ActiveRecord: 1.9ms)


Started POST "/places" for 10.90.90.124 at 2012-09-19 16:44:46 +0530
  Processing by PlacesController#create as JS
  Parameters: {"utf8"=>"✓", "authenticity_token"=>"qu/bXI775aPby1zN8dgciuGmtid3TkB3GtseaUEbUWY=", "place"=>{"name"=>"kakinada", "description"=>"fgfgh", "latitude"=>"", "longitude"=>"", "address"=>"hjhjkjkljkl", "address_visible"=>"false", "tag_list"=>"jkjkkjkjkl,jkkmjkl,gjhghghj,gjkjn"}, "url_for_request_coordinates"=>"/places/fetch_coordinates"}
  [1m[36m (0.2ms)[0m  [1mBEGIN[0m
  [1m[35m (0.1ms)[0m  SELECT 1 FROM `places` WHERE `places`.`name` = BINARY 'kakinada' LIMIT 1
  [1m[36m (0.1ms)[0m  [1mROLLBACK[0m
Completed 200 OK in 31ms (Views: 2.2ms | ActiveRecord: 1.9ms)


Started GET "/places" for 10.90.90.124 at 2012-09-19 16:44:54 +0530
  Processing by PlacesController#index as HTML
  [1m[35mPlace Load (0.2ms)[0m  SELECT `places`.* FROM `places` 
Rendered places/index.html.erb within layouts/application (0.2ms)
Rendered layouts/_navigation_bar.html.erb (2.0ms)
Completed 200 OK in 28ms (Views: 24.3ms | ActiveRecord: 0.7ms)


Started GET "/assets/application.css?body=1" for 10.90.90.124 at 2012-09-19 16:44:55 +0530
Served asset /application.css - 304 Not Modified (0ms)


Started GET "/assets/jquery.js?body=1" for 10.90.90.124 at 2012-09-19 16:44:55 +0530
Served asset /jquery.js - 304 Not Modified (0ms)


Started GET "/assets/jquery_ujs.js?body=1" for 10.90.90.124 at 2012-09-19 16:44:55 +0530
Served asset /jquery_ujs.js - 304 Not Modified (0ms)


Started GET "/assets/application.js?body=1" for 10.90.90.124 at 2012-09-19 16:44:55 +0530
Served asset /application.js - 304 Not Modified (0ms)


Started GET "/places/new" for 10.90.90.124 at 2012-09-19 16:45:01 +0530
  Processing by PlacesController#new as HTML
  [1m[36mActsAsTaggableOn::Tag Load (0.2ms)[0m  [1mSELECT `tags`.* FROM `tags` INNER JOIN `taggings` ON `tags`.`id` = `taggings`.`tag_id` WHERE `taggings`.`taggable_id` IS NULL AND `taggings`.`taggable_type` = 'Place' AND (taggings.context = 'tags' AND taggings.tagger_id IS NULL)[0m
Rendered places/_form.html.erb (35.7ms)
Rendered places/new.html.erb within layouts/map (36.8ms)
Rendered layouts/_navigation_bar.html.erb (1.7ms)
Completed 200 OK in 62ms (Views: 57.2ms | ActiveRecord: 3.7ms)


Started GET "/assets/jquery.tagsinput.js?body=1" for 10.90.90.124 at 2012-09-19 16:45:05 +0530
Served asset /jquery.tagsinput.js - 304 Not Modified (0ms)


Started GET "/assets/application.js?body=1" for 10.90.90.124 at 2012-09-19 16:45:05 +0530
Served asset /application.js - 304 Not Modified (0ms)


Started GET "/assets/jquery.tagsinput.js?body=1" for 10.90.90.124 at 2012-09-19 16:45:06 +0530
Served asset /jquery.tagsinput.js - 304 Not Modified (0ms)


Started GET "/places" for 10.90.90.124 at 2012-09-19 16:47:50 +0530
  Processing by PlacesController#index as HTML
  [1m[35mPlace Load (0.6ms)[0m  SELECT `places`.* FROM `places` 
  [1m[36mActsAsTaggableOn::Tagging Load (0.6ms)[0m  [1mSELECT `taggings`.* FROM `taggings` WHERE `taggings`.`taggable_type` = 'Place' AND `taggings`.`taggable_id` IN (1) AND (taggings.context = 'tags')[0m
Rendered places/index.html.erb within layouts/application (1.5ms)
Rendered layouts/_navigation_bar.html.erb (1.9ms)
Completed 200 OK in 184ms (Views: 26.9ms | ActiveRecord: 4.7ms)


Started GET "/assets/application.css?body=1" for 10.90.90.124 at 2012-09-19 16:47:51 +0530
Served asset /application.css - 304 Not Modified (0ms)


Started GET "/assets/bootstrap/css/bootstrap.css?body=1" for 10.90.90.124 at 2012-09-19 16:47:51 +0530
Served asset /bootstrap/css/bootstrap.css - 304 Not Modified (0ms)


Started GET "/assets/common.css?body=1" for 10.90.90.124 at 2012-09-19 16:47:51 +0530
Served asset /common.css - 304 Not Modified (0ms)


Started GET "/assets/bootstrap/css/bootstrap-responsive.css?body=1" for 10.90.90.124 at 2012-09-19 16:47:51 +0530
Served asset /bootstrap/css/bootstrap-responsive.css - 304 Not Modified (0ms)


Started GET "/assets/jquery.js?body=1" for 10.90.90.124 at 2012-09-19 16:47:51 +0530
Served asset /jquery.js - 304 Not Modified (0ms)


Started GET "/assets/jquery_ujs.js?body=1" for 10.90.90.124 at 2012-09-19 16:47:51 +0530
Served asset /jquery_ujs.js - 304 Not Modified (0ms)


Started GET "/assets/application.js?body=1" for 10.90.90.124 at 2012-09-19 16:48:01 +0530
Served asset /application.js - 304 Not Modified (0ms)


Started GET "/assets/jquery.tagsinput.js?body=1" for 10.90.90.124 at 2012-09-19 16:48:01 +0530
Served asset /jquery.tagsinput.js - 304 Not Modified (0ms)


Started GET "/places/full_map" for 10.90.90.124 at 2012-09-19 16:48:05 +0530
  Processing by PlacesController#full_map as HTML
Rendered places/full_map.html.erb within layouts/map (1.1ms)
Rendered layouts/_navigation_bar.html.erb (1.7ms)
Completed 200 OK in 30ms (Views: 29.3ms | ActiveRecord: 0.0ms)


Started GET "/assets/jquery.js?body=1" for 10.90.90.124 at 2012-09-19 16:48:05 +0530
Served asset /jquery.js - 304 Not Modified (0ms)


Started GET "/assets/jquery_ujs.js?body=1" for 10.90.90.124 at 2012-09-19 16:48:05 +0530
Served asset /jquery_ujs.js - 304 Not Modified (0ms)


Started GET "/assets/common.css?body=1" for 10.90.90.124 at 2012-09-19 16:48:05 +0530
Served asset /common.css - 304 Not Modified (0ms)


Started GET "/assets/bootstrap/css/bootstrap.css?body=1" for 10.90.90.124 at 2012-09-19 16:48:05 +0530
Served asset /bootstrap/css/bootstrap.css - 304 Not Modified (0ms)


Started GET "/assets/bootstrap/css/bootstrap-responsive.css?body=1" for 10.90.90.124 at 2012-09-19 16:48:06 +0530
Served asset /bootstrap/css/bootstrap-responsive.css - 304 Not Modified (0ms)


Started GET "/assets/h5utils.js?body=1" for 10.90.90.124 at 2012-09-19 16:48:06 +0530
Served asset /h5utils.js - 304 Not Modified (0ms)


Started GET "/assets/jquery.tagsinput.js?body=1" for 10.90.90.124 at 2012-09-19 16:48:06 +0530
Served asset /jquery.tagsinput.js - 304 Not Modified (0ms)


Started GET "/assets/map.js?body=1" for 10.90.90.124 at 2012-09-19 16:48:06 +0530
Served asset /map.js - 304 Not Modified (0ms)


Started GET "/assets/application.js?body=1" for 10.90.90.124 at 2012-09-19 16:48:06 +0530
Served asset /application.js - 304 Not Modified (0ms)


Started GET "/assets/place.js?body=1" for 10.90.90.124 at 2012-09-19 16:48:06 +0530
Served asset /place.js - 304 Not Modified (0ms)


Started GET "/assets/jquery_ujs.js?body=1" for 10.90.90.124 at 2012-09-19 16:48:16 +0530
Served asset /jquery_ujs.js - 304 Not Modified (0ms)


Started GET "/places.json" for 10.90.90.124 at 2012-09-19 16:48:27 +0530
  Processing by PlacesController#index as JSON
  [1m[35mPlace Load (0.3ms)[0m  SELECT `places`.* FROM `places` 
  [1m[36mActsAsTaggableOn::Tagging Load (0.2ms)[0m  [1mSELECT `taggings`.* FROM `taggings` WHERE `taggings`.`taggable_type` = 'Place' AND `taggings`.`taggable_id` IN (1) AND (taggings.context = 'tags')[0m
Completed 200 OK in 38ms (Views: 5.7ms | ActiveRecord: 3.0ms)


Started GET "/places/full_map" for 10.90.90.124 at 2012-09-19 16:48:28 +0530
  Processing by PlacesController#full_map as HTML
Rendered places/full_map.html.erb within layouts/map (1.1ms)
Rendered layouts/_navigation_bar.html.erb (1.7ms)
Completed 200 OK in 25ms (Views: 24.3ms | ActiveRecord: 0.0ms)


Started GET "/assets/bootstrap/css/bootstrap.css?body=1" for 10.90.90.124 at 2012-09-19 16:48:28 +0530
Served asset /bootstrap/css/bootstrap.css - 304 Not Modified (0ms)


Started GET "/assets/common.css?body=1" for 10.90.90.124 at 2012-09-19 16:48:28 +0530
Served asset /common.css - 304 Not Modified (0ms)


Started GET "/assets/jquery.js?body=1" for 10.90.90.124 at 2012-09-19 16:48:28 +0530
Served asset /jquery.js - 304 Not Modified (0ms)


Started GET "/assets/application.js?body=1" for 10.90.90.124 at 2012-09-19 16:48:29 +0530
Served asset /application.js - 304 Not Modified (0ms)


Started GET "/assets/bootstrap/css/bootstrap-responsive.css?body=1" for 10.90.90.124 at 2012-09-19 16:48:29 +0530
Served asset /bootstrap/css/bootstrap-responsive.css - 304 Not Modified (0ms)


Started GET "/assets/h5utils.js?body=1" for 10.90.90.124 at 2012-09-19 16:48:29 +0530
Served asset /h5utils.js - 304 Not Modified (0ms)


Started GET "/assets/map.js?body=1" for 10.90.90.124 at 2012-09-19 16:48:29 +0530
Served asset /map.js - 304 Not Modified (0ms)


Started GET "/assets/jquery_ujs.js?body=1" for 10.90.90.124 at 2012-09-19 16:48:38 +0530
Served asset /jquery_ujs.js - 304 Not Modified (0ms)


Started GET "/assets/jquery.tagsinput.js?body=1" for 10.90.90.124 at 2012-09-19 16:48:39 +0530
Served asset /jquery.tagsinput.js - 304 Not Modified (0ms)


Started GET "/assets/place.js?body=1" for 10.90.90.124 at 2012-09-19 16:48:49 +0530
Served asset /place.js - 304 Not Modified (0ms)


Started GET "/places.json" for 10.90.90.124 at 2012-09-19 16:48:50 +0530
  Processing by PlacesController#index as JSON
  [1m[35mPlace Load (0.3ms)[0m  SELECT `places`.* FROM `places` 
  [1m[36mActsAsTaggableOn::Tagging Load (0.2ms)[0m  [1mSELECT `taggings`.* FROM `taggings` WHERE `taggings`.`taggable_type` = 'Place' AND `taggings`.`taggable_id` IN (1) AND (taggings.context = 'tags')[0m
Completed 200 OK in 35ms (Views: 3.1ms | ActiveRecord: 3.4ms)


Started GET "/places/new" for 10.90.90.124 at 2012-09-19 16:49:17 +0530
  Processing by PlacesController#new as HTML
  [1m[35mActsAsTaggableOn::Tag Load (0.2ms)[0m  SELECT `tags`.* FROM `tags` INNER JOIN `taggings` ON `tags`.`id` = `taggings`.`tag_id` WHERE `taggings`.`taggable_id` IS NULL AND `taggings`.`taggable_type` = 'Place' AND (taggings.context = 'tags' AND taggings.tagger_id IS NULL)
Rendered places/_form.html.erb (34.6ms)
Rendered places/new.html.erb within layouts/map (35.7ms)
Rendered layouts/_navigation_bar.html.erb (1.8ms)
Completed 200 OK in 60ms (Views: 55.3ms | ActiveRecord: 3.7ms)


Started GET "/assets/bootstrap/css/bootstrap.css?body=1" for 10.90.90.124 at 2012-09-19 16:49:17 +0530
Served asset /bootstrap/css/bootstrap.css - 304 Not Modified (0ms)


Started GET "/assets/jquery_ujs.js?body=1" for 10.90.90.124 at 2012-09-19 16:49:17 +0530
Served asset /jquery_ujs.js - 304 Not Modified (0ms)


Started GET "/assets/bootstrap/css/bootstrap-responsive.css?body=1" for 10.90.90.124 at 2012-09-19 16:49:17 +0530
Served asset /bootstrap/css/bootstrap-responsive.css - 304 Not Modified (0ms)


Started GET "/assets/jquery.js?body=1" for 10.90.90.124 at 2012-09-19 16:49:17 +0530
Served asset /jquery.js - 304 Not Modified (0ms)


Started GET "/assets/common.css?body=1" for 10.90.90.124 at 2012-09-19 16:49:17 +0530
Served asset /common.css - 304 Not Modified (0ms)


Started GET "/assets/application.js?body=1" for 10.90.90.124 at 2012-09-19 16:49:17 +0530
Served asset /application.js - 304 Not Modified (0ms)


Started GET "/assets/map.js?body=1" for 10.90.90.124 at 2012-09-19 16:49:18 +0530
Served asset /map.js - 304 Not Modified (0ms)


Started GET "/assets/place.js?body=1" for 10.90.90.124 at 2012-09-19 16:49:18 +0530
Served asset /place.js - 304 Not Modified (0ms)


Started GET "/assets/h5utils.js?body=1" for 10.90.90.124 at 2012-09-19 16:49:27 +0530
Served asset /h5utils.js - 304 Not Modified (0ms)


Started GET "/assets/jquery.tagsinput.js?body=1" for 10.90.90.124 at 2012-09-19 16:49:27 +0530
Served asset /jquery.tagsinput.js - 304 Not Modified (0ms)


Started GET "/" for 10.90.90.124 at 2012-10-04 12:20:00 +0530
  Processing by PlacesController#index as HTML
  [1m[36mPlace Load (0.7ms)[0m  [1mSELECT `places`.* FROM `places` [0m
  [1m[35mActsAsTaggableOn::Tagging Load (0.5ms)[0m  SELECT `taggings`.* FROM `taggings` WHERE `taggings`.`taggable_type` = 'Place' AND `taggings`.`taggable_id` IN (1) AND (taggings.context = 'tags')
Rendered places/index.html.erb within layouts/application (27.2ms)
Rendered layouts/_navigation_bar.html.erb (2.9ms)
Completed 200 OK in 1223ms (Views: 935.7ms | ActiveRecord: 33.6ms)


Started GET "/" for 10.90.90.124 at 2012-10-04 12:20:01 +0530
  Processing by PlacesController#index as HTML
  [1m[36mPlace Load (0.2ms)[0m  [1mSELECT `places`.* FROM `places` [0m
  [1m[35mActsAsTaggableOn::Tagging Load (0.2ms)[0m  SELECT `taggings`.* FROM `taggings` WHERE `taggings`.`taggable_type` = 'Place' AND `taggings`.`taggable_id` IN (1) AND (taggings.context = 'tags')
Rendered places/index.html.erb within layouts/application (1.4ms)
Rendered layouts/_navigation_bar.html.erb (1.7ms)
Completed 200 OK in 59ms (Views: 26.5ms | ActiveRecord: 3.1ms)


Started GET "/assets/jquery.tagsinput.js?body=1" for 10.90.90.124 at 2012-10-04 12:20:02 +0530
Served asset /jquery.tagsinput.js - 200 OK (3ms)


Started GET "/assets/jquery_ujs.js?body=1" for 10.90.90.124 at 2012-10-04 12:20:02 +0530
Served asset /jquery_ujs.js - 200 OK (22ms)


Started GET "/assets/bootstrap/css/bootstrap.css?body=1" for 10.90.90.124 at 2012-10-04 12:20:02 +0530
Served asset /bootstrap/css/bootstrap.css - 200 OK (4ms)


Started GET "/assets/jquery.js?body=1" for 10.90.90.124 at 2012-10-04 12:20:02 +0530
Served asset /jquery.js - 200 OK (4ms)


Started GET "/assets/application.css?body=1" for 10.90.90.124 at 2012-10-04 12:20:12 +0530
Served asset /application.css - 200 OK (0ms)


Started GET "/assets/bootstrap/css/bootstrap-responsive.css?body=1" for 10.90.90.124 at 2012-10-04 12:20:12 +0530
Served asset /bootstrap/css/bootstrap-responsive.css - 200 OK (3ms)


Started GET "/assets/common.css?body=1" for 10.90.90.124 at 2012-10-04 12:20:12 +0530
Served asset /common.css - 200 OK (3ms)


Started GET "/assets/application.js?body=1" for 10.90.90.124 at 2012-10-04 12:20:12 +0530
Served asset /application.js - 200 OK (0ms)


Started GET "/places/1/edit" for 10.90.90.124 at 2012-10-04 12:20:18 +0530
  Processing by PlacesController#edit as HTML
  Parameters: {"id"=>"1"}
  [1m[36mPlace Load (0.6ms)[0m  [1mSELECT `places`.* FROM `places` WHERE `places`.`id` = 1 LIMIT 1[0m
  [1m[35mActsAsTaggableOn::Tag Load (0.6ms)[0m  SELECT `tags`.* FROM `tags` INNER JOIN `taggings` ON `tags`.`id` = `taggings`.`tag_id` WHERE `taggings`.`taggable_id` = 1 AND `taggings`.`taggable_type` = 'Place' AND (taggings.context = 'tags' AND taggings.tagger_id IS NULL)
Rendered places/_form.html.erb (236.0ms)
Rendered places/edit.html.erb within layouts/map (248.0ms)
Rendered layouts/_navigation_bar.html.erb (2.0ms)
Completed 200 OK in 479ms (Views: 446.5ms | ActiveRecord: 27.7ms)


Started GET "/assets/h5utils.js?body=1" for 10.90.90.124 at 2012-10-04 12:20:18 +0530
Served asset /h5utils.js - 200 OK (3ms)


Started GET "/assets/jquery.tagsinput.css?body=1" for 10.90.90.124 at 2012-10-04 12:20:18 +0530
Served asset /jquery.tagsinput.css - 200 OK (3ms)


Started GET "/assets/map.js?body=1" for 10.90.90.124 at 2012-10-04 12:20:19 +0530
Served asset /map.js - 200 OK (0ms)


Started GET "/assets/places.css?body=1" for 10.90.90.124 at 2012-10-04 12:20:28 +0530
Served asset /places.css - 200 OK (0ms)


Started GET "/assets/place.js?body=1" for 10.90.90.124 at 2012-10-04 12:20:28 +0530
Served asset /place.js - 200 OK (6ms)


Started PUT "/places/1" for 10.90.90.124 at 2012-10-04 12:20:44 +0530
  Processing by PlacesController#update as JS
  Parameters: {"utf8"=>"✓", "authenticity_token"=>"vDI/mdS1vj1p972fFGHG0hhCizwmRsh82ZfVVxzepBI=", "place"=>{"name"=>"kakinada", "description"=>"fdssfsf", "latitude"=>"33.0", "longitude"=>"33.0", "address"=>"fsdfsf", "address_visible"=>"false", "tag_list"=>"raju,nani"}, "url_for_request_coordinates"=>"/places/fetch_coordinates", "id"=>"1"}
  [1m[36mPlace Load (0.3ms)[0m  [1mSELECT `places`.* FROM `places` WHERE `places`.`id` = 1 LIMIT 1[0m
  [1m[35m (0.1ms)[0m  BEGIN
  [1m[36m (67.7ms)[0m  [1mSELECT 1 FROM `places` WHERE (`places`.`name` = BINARY 'kakinada' AND `places`.`id` != 1) LIMIT 1[0m
  [1m[35mActsAsTaggableOn::Tag Load (9.9ms)[0m  SELECT `tags`.* FROM `tags` WHERE (name LIKE 'raju' ESCAPE '!' OR name LIKE 'nani' ESCAPE '!')
  [1m[36m (0.4ms)[0m  [1mSELECT 1 FROM `tags` WHERE `tags`.`name` = BINARY 'raju' LIMIT 1[0m
  [1m[35mSQL (0.3ms)[0m  INSERT INTO `tags` (`name`) VALUES ('raju')
  [1m[36m (0.4ms)[0m  [1mSELECT 1 FROM `tags` WHERE `tags`.`name` = BINARY 'nani' LIMIT 1[0m
  [1m[35mSQL (0.2ms)[0m  INSERT INTO `tags` (`name`) VALUES ('nani')
  [1m[36mActsAsTaggableOn::Tag Load (0.5ms)[0m  [1mSELECT `tags`.* FROM `tags` INNER JOIN `taggings` ON `tags`.`id` = `taggings`.`tag_id` WHERE `taggings`.`taggable_id` = 1 AND `taggings`.`taggable_type` = 'Place' AND (taggings.context = 'tags' AND taggings.tagger_id IS NULL)[0m
  [1m[35mActsAsTaggableOn::Tagging Load (0.7ms)[0m  SELECT `taggings`.* FROM `taggings` WHERE `taggings`.`taggable_id` = 1 AND `taggings`.`taggable_type` = 'Place' AND `taggings`.`tagger_type` IS NULL AND `taggings`.`tagger_id` IS NULL AND `taggings`.`context` = 'tags' AND `taggings`.`tag_id` IN (NULL)
  [1m[36m (0.6ms)[0m  [1mSELECT 1 FROM `taggings` WHERE (`taggings`.`tag_id` = BINARY 1 AND `taggings`.`taggable_type` = 'Place' AND `taggings`.`taggable_id` = 1 AND `taggings`.`context` = 'tags' AND `taggings`.`tagger_id` IS NULL AND `taggings`.`tagger_type` IS NULL) LIMIT 1[0m
  [1m[35mSQL (0.4ms)[0m  INSERT INTO `taggings` (`context`, `created_at`, `tag_id`, `taggable_id`, `taggable_type`, `tagger_id`, `tagger_type`) VALUES ('tags', '2012-10-04 06:50:45', 1, 1, 'Place', NULL, NULL)
  [1m[36m (0.6ms)[0m  [1mSELECT 1 FROM `taggings` WHERE (`taggings`.`tag_id` = BINARY 2 AND `taggings`.`taggable_type` = 'Place' AND `taggings`.`taggable_id` = 1 AND `taggings`.`context` = 'tags' AND `taggings`.`tagger_id` IS NULL AND `taggings`.`tagger_type` IS NULL) LIMIT 1[0m
  [1m[35mSQL (0.3ms)[0m  INSERT INTO `taggings` (`context`, `created_at`, `tag_id`, `taggable_id`, `taggable_type`, `tagger_id`, `tagger_type`) VALUES ('tags', '2012-10-04 06:50:45', 2, 1, 'Place', NULL, NULL)
  [1m[36m (1.6ms)[0m  [1mCOMMIT[0m
Rendered places/create.js.erb (2.6ms)
Completed 200 OK in 436ms (Views: 135.8ms | ActiveRecord: 89.5ms)


Started GET "/places" for 10.90.90.124 at 2012-10-04 12:20:45 +0530
  Processing by PlacesController#index as HTML
  [1m[35mPlace Load (0.3ms)[0m  SELECT `places`.* FROM `places` 
  [1m[36mActsAsTaggableOn::Tagging Load (0.8ms)[0m  [1mSELECT `taggings`.* FROM `taggings` WHERE `taggings`.`taggable_type` = 'Place' AND `taggings`.`taggable_id` IN (1) AND (taggings.context = 'tags')[0m
  [1m[35mActsAsTaggableOn::Tag Load (0.5ms)[0m  SELECT `tags`.* FROM `tags` WHERE `tags`.`id` IN (1, 2)
Rendered places/index.html.erb within layouts/application (1.4ms)
Rendered layouts/_navigation_bar.html.erb (1.9ms)
Completed 200 OK in 149ms (Views: 27.3ms | ActiveRecord: 5.8ms)


Started GET "/assets/jquery.js?body=1" for 10.90.90.124 at 2012-10-04 12:20:46 +0530
Served asset /jquery.js - 304 Not Modified (0ms)


Started GET "/places/full_map" for 10.90.90.124 at 2012-10-04 12:20:50 +0530
  Processing by PlacesController#full_map as HTML
Rendered places/full_map.html.erb within layouts/map (1.8ms)
Rendered layouts/_navigation_bar.html.erb (1.7ms)
Completed 200 OK in 51ms (Views: 49.3ms | ActiveRecord: 0.0ms)


Started GET "/assets/jquery.js?body=1" for 10.90.90.124 at 2012-10-04 12:20:50 +0530
Served asset /jquery.js - 304 Not Modified (0ms)


Started GET "/places.json" for 10.90.90.124 at 2012-10-04 12:20:51 +0530
  Processing by PlacesController#index as JSON
  [1m[36mPlace Load (0.3ms)[0m  [1mSELECT `places`.* FROM `places` [0m
  [1m[35mActsAsTaggableOn::Tagging Load (0.4ms)[0m  SELECT `taggings`.* FROM `taggings` WHERE `taggings`.`taggable_type` = 'Place' AND `taggings`.`taggable_id` IN (1) AND (taggings.context = 'tags')
  [1m[36mActsAsTaggableOn::Tag Load (0.2ms)[0m  [1mSELECT `tags`.* FROM `tags` WHERE `tags`.`id` IN (1, 2)[0m
Completed 200 OK in 104ms (Views: 3.0ms | ActiveRecord: 6.2ms)


Started GET "/places" for 10.90.90.124 at 2012-10-04 12:21:04 +0530
  Processing by PlacesController#index as HTML
  [1m[35mPlace Load (0.2ms)[0m  SELECT `places`.* FROM `places` 
  [1m[36mActsAsTaggableOn::Tagging Load (0.3ms)[0m  [1mSELECT `taggings`.* FROM `taggings` WHERE `taggings`.`taggable_type` = 'Place' AND `taggings`.`taggable_id` IN (1) AND (taggings.context = 'tags')[0m
  [1m[35mActsAsTaggableOn::Tag Load (0.2ms)[0m  SELECT `tags`.* FROM `tags` WHERE `tags`.`id` IN (1, 2)
Rendered places/index.html.erb within layouts/application (1.4ms)
Rendered layouts/_navigation_bar.html.erb (2.3ms)
Completed 200 OK in 65ms (Views: 27.8ms | ActiveRecord: 4.7ms)


Started GET "/assets/jquery_ujs.js?body=1" for 10.90.90.124 at 2012-10-04 12:21:04 +0530
Served asset /jquery_ujs.js - 304 Not Modified (0ms)


Started GET "/assets/jquery.js?body=1" for 10.90.90.124 at 2012-10-04 12:21:04 +0530
Served asset /jquery.js - 304 Not Modified (0ms)


Started GET "/assets/jquery.tagsinput.js?body=1" for 10.90.90.124 at 2012-10-04 12:21:14 +0530
Served asset /jquery.tagsinput.js - 304 Not Modified (0ms)


Started GET "/assets/application.js?body=1" for 10.90.90.124 at 2012-10-04 12:21:14 +0530
Served asset /application.js - 304 Not Modified (0ms)


Started GET "/assets/application.css?body=1" for 10.90.90.124 at 2012-10-04 12:21:14 +0530
Served asset /application.css - 304 Not Modified (0ms)


Started GET "/search/index?search=sdad" for 10.90.90.124 at 2012-10-04 12:21:33 +0530
  Processing by SearchController#index as HTML
  Parameters: {"search"=>"sdad"}
  [1m[36mActsAsTaggableOn::Tag Load (0.4ms)[0m  [1mSELECT `tags`.* FROM `tags` WHERE (name LIKE 'sdad' ESCAPE '!')[0m
  [1m[35m (0.4ms)[0m  SELECT COUNT(*) FROM `places` WHERE (1 = 0)
Rendered places/index.html.erb within layouts/application (3.4ms)
Rendered layouts/_navigation_bar.html.erb (97.3ms)
Completed 200 OK in 181ms (Views: 132.1ms | ActiveRecord: 4.3ms)


Started GET "/assets/application.css?body=1" for 10.90.90.124 at 2012-10-04 12:21:33 +0530
Served asset /application.css - 304 Not Modified (0ms)


Started GET "/assets/jquery_ujs.js?body=1" for 10.90.90.124 at 2012-10-04 12:21:34 +0530
Served asset /jquery_ujs.js - 304 Not Modified (0ms)


Started GET "/assets/application.js?body=1" for 10.90.90.124 at 2012-10-04 12:21:34 +0530
Served asset /application.js - 304 Not Modified (0ms)


Started GET "/assets/jquery.tagsinput.js?body=1" for 10.90.90.124 at 2012-10-04 12:21:34 +0530
Served asset /jquery.tagsinput.js - 304 Not Modified (0ms)


Started GET "/assets/jquery.js?body=1" for 10.90.90.124 at 2012-10-04 12:21:53 +0530
Served asset /jquery.js - 304 Not Modified (0ms)
